<?xml version="1.0" encoding="UTF-8"?>
<!-- Generated by org.testng.reporters.JUnitXMLReporter -->
<testsuite ignored="0" hostname="NHUDUONG" failures="0" tests="1" name="Run on Edge" time="0.002" errors="0" timestamp="02 Nov 2024 06:54:04 GMT">
  <testcase classname="com.nopcommerce.account.Level_16_Log" name="@BeforeClass beforeClass" time="0.0">
    <failure type="org.testng.TestNGException" message="
Parameter &amp;apos;userUrl&amp;apos; is required by BeforeClass on method beforeClass but has not been marked @Optional or defined
in E:\Automation Testing\03-Java Hybrid Framework\hybrid-framework-nopcommerce\resources\RunNopCommerce.xml">
      <![CDATA[org.testng.TestNGException: 
Parameter 'userUrl' is required by BeforeClass on method beforeClass but has not been marked @Optional or defined
in E:\Automation Testing\03-Java Hybrid Framework\hybrid-framework-nopcommerce\resources\RunNopCommerce.xml
at com.intellij.rt.testng.IDEARemoteTestNG.run(IDEARemoteTestNG.java:65)
at com.intellij.rt.testng.RemoteTestNGStarter.main(RemoteTestNGStarter.java:105)
... Removed 20 stack frames]]>
    </failure>
  </testcase> <!-- @BeforeClass beforeClass -->
  <testcase classname="com.nopcommerce.account.Level_16_Log" name="@AfterClass afterClass" time="0.0">
    <skipped/>
  </testcase> <!-- @AfterClass afterClass -->
  <testcase classname="com.nopcommerce.account.Level_16_Log" name="User_01_Register_Success" time="0.0">
    <skipped/>
  </testcase> <!-- User_01_Register_Success -->
</testsuite> <!-- Run on Edge -->
