<?xml version="1.0" encoding="UTF-8"?>
<testsuite name="Run on Firefox"
           tests="1"
           failures="1"
           errors="0"
           skipped="0"
           time="3.487">
  <properties />
            <testcase name="beforeClass" time="3.487" classname="com.nopcommerce.cookie.Common_Register">
                <failure type="org.openqa.selenium.SessionNotCreatedException"
                  message="Could not start a new session. Response code 500. Message: Failed to decode response from marionette 
Host info: host: &apos;NHUDUONG&apos;, ip: &apos;10.10.10.181&apos;
Build info: version: &apos;4.23.1&apos;, revision: &apos;656257d8e9&apos;
System info: os.name: &apos;Windows 10&apos;, os.arch: &apos;amd64&apos;, os.version: &apos;10.0&apos;, java.version: &apos;17.0.11&apos;
Driver info: org.openqa.selenium.firefox.FirefoxDriver
Command: [null, newSession {capabilities=[Capabilities {acceptInsecureCerts: true, browserName: firefox, moz:debuggerAddress: true, moz:firefoxOptions: {binary: C:\Program Files\Mozilla Fi..., prefs: {remote.active-protocols: 3}}}]}]"
              >
<![CDATA[org.openqa.selenium.SessionNotCreatedException: Could not start a new session. Response code 500. Message: Failed to decode response from marionette 
Host info: host: 'NHUDUONG', ip: '10.10.10.181'
Build info: version: '4.23.1', revision: '656257d8e9'
System info: os.name: 'Windows 10', os.arch: 'amd64', os.version: '10.0', java.version: '17.0.11'
Driver info: org.openqa.selenium.firefox.FirefoxDriver
Command: [null, newSession {capabilities=[Capabilities {acceptInsecureCerts: true, browserName: firefox, moz:debuggerAddress: true, moz:firefoxOptions: {binary: C:\Program Files\Mozilla Fi..., prefs: {remote.active-protocols: 3}}}]}]
  org.openqa.selenium.remote.ProtocolHandshake.createSession(ProtocolHandshake.java:114)
  org.openqa.selenium.remote.ProtocolHandshake.createSession(ProtocolHandshake.java:75)
  org.openqa.selenium.remote.ProtocolHandshake.createSession(ProtocolHandshake.java:61)
  org.openqa.selenium.remote.HttpCommandExecutor.execute(HttpCommandExecutor.java:162)
  org.openqa.selenium.remote.service.DriverCommandExecutor.invokeExecute(DriverCommandExecutor.java:216)
  org.openqa.selenium.remote.service.DriverCommandExecutor.execute(DriverCommandExecutor.java:174)
  org.openqa.selenium.remote.RemoteWebDriver.execute(RemoteWebDriver.java:545)
  org.openqa.selenium.remote.RemoteWebDriver.startSession(RemoteWebDriver.java:245)
  org.openqa.selenium.remote.RemoteWebDriver.<init>(RemoteWebDriver.java:174)
  org.openqa.selenium.firefox.FirefoxDriver.<init>(FirefoxDriver.java:155)
  org.openqa.selenium.firefox.FirefoxDriver.<init>(FirefoxDriver.java:150)
  org.openqa.selenium.firefox.FirefoxDriver.<init>(FirefoxDriver.java:132)
  org.openqa.selenium.firefox.FirefoxDriver.<init>(FirefoxDriver.java:127)
  org.openqa.selenium.firefox.FirefoxDriver.<init>(FirefoxDriver.java:112)
  org.openqa.selenium.firefox.FirefoxDriver.<init>(FirefoxDriver.java:102)
  commons.BaseTest.getBrowserDriver(BaseTest.java:37)
  com.nopcommerce.cookie.Common_Register.beforeClass(Common_Register.java:30)
  java.base/jdk.internal.reflect.NativeMethodAccessorImpl.invoke0(Native Method)
  java.base/jdk.internal.reflect.NativeMethodAccessorImpl.invoke(NativeMethodAccessorImpl.java:77)
  java.base/jdk.internal.reflect.DelegatingMethodAccessorImpl.invoke(DelegatingMethodAccessorImpl.java:43)
  java.base/java.lang.reflect.Method.invoke(Method.java:568)
  org.testng.internal.MethodInvocationHelper.invokeMethod(MethodInvocationHelper.java:124)
  org.testng.internal.MethodInvocationHelper.invokeMethodConsideringTimeout(MethodInvocationHelper.java:59)
  org.testng.internal.Invoker.invokeConfigurationMethod(Invoker.java:458)
  org.testng.internal.Invoker.invokeConfigurations(Invoker.java:222)
  org.testng.internal.Invoker.invokeConfigurations(Invoker.java:142)
  org.testng.TestRunner.beforeRun(TestRunner.java:529)
  org.testng.TestRunner.run(TestRunner.java:497)
  org.testng.SuiteRunner.runTest(SuiteRunner.java:455)
  org.testng.SuiteRunner.runSequentially(SuiteRunner.java:450)
  org.testng.SuiteRunner.privateRun(SuiteRunner.java:415)
  org.testng.SuiteRunner.run(SuiteRunner.java:364)
  org.testng.SuiteRunnerWorker.runSuite(SuiteRunnerWorker.java:52)
  org.testng.SuiteRunnerWorker.run(SuiteRunnerWorker.java:84)
  org.testng.TestNG.runSuitesSequentially(TestNG.java:1208)
  org.testng.TestNG.runSuitesLocally(TestNG.java:1137)
  org.testng.TestNG.runSuites(TestNG.java:1049)
  org.testng.TestNG.run(TestNG.java:1017)
  com.intellij.rt.testng.IDEARemoteTestNG.run(IDEARemoteTestNG.java:65)
  com.intellij.rt.testng.RemoteTestNGStarter.main(RemoteTestNGStarter.java:105)
]]>
      </failure>

          </testcase>
  
  
  
</testsuite>
