<!DOCTYPE html PUBLIC "-//W3C//DTD XHTML 1.1//EN" "http://www.w3.org/TR/xhtml11/DTD/xhtml11.dtd">
<html xmlns="http://www.w3.org/1999/xhtml">
<head>
<meta http-equiv="content-type" content="text/html; charset=UTF-8"/>
<title>TestNG Report</title>
<style type="text/css">table {margin-bottom:10px;border-collapse:collapse;empty-cells:show}th,td {border:1px solid #009;padding:.25em .5em}th {vertical-align:bottom}td {vertical-align:top}table a {font-weight:bold}.stripe td {background-color: #E6EBF9}.num {text-align:right}.passedodd td {background-color: #3F3}.passedeven td {background-color: #0A0}.skippedodd td {background-color: #DDD}.skippedeven td {background-color: #CCC}.failedodd td,.attn {background-color: #F33}.failedeven td,.stripe .attn {background-color: #D00}.stacktrace {white-space:pre;font-family:monospace}.totop {font-size:85%;text-align:center;border-bottom:2px solid #000}.invisible {display:none}</style>
</head>
<body>
<table>
<tr><th>Test</th><th># Passed</th><th># Skipped</th><th># Failed</th><th>Time (ms)</th><th>Included Groups</th><th>Excluded Groups</th></tr>
<tr><th colspan="7">NopCommerce</th></tr>
<tr><td><a href="#t0">Run on Firefox</a></td><td class="num">0</td><td class="num">0</td><td class="num attn">1</td><td class="num">112,509</td><td></td><td></td></tr>
<tr class="stripe"><td><a href="#t1">Run on Chrome</a></td><td class="num">0</td><td class="num attn">1</td><td class="num">0</td><td class="num">3</td><td></td><td></td></tr>
<tr><td><a href="#t2">Run on Edge</a></td><td class="num">0</td><td class="num attn">1</td><td class="num">0</td><td class="num">2</td><td></td><td></td></tr>
<tr><th>Total</th><th class="num">0</th><th class="num attn">2</th><th class="num attn">1</th><th class="num">112,514</th><th colspan="2"></th></tr>
</table>
<table id='summary'><thead><tr><th>Class</th><th>Method</th><th>Start</th><th>Time (ms)</th></tr></thead><tbody><tr><th colspan="4">NopCommerce</th></tr></tbody><tbody id="t0"><tr><th colspan="4">Run on Firefox &#8212; failed</th></tr><tr class="failedeven"><td rowspan="1">com.nopcommerce.account.Level_16_Log</td><td><a href="#m0">User_01_Register_Success</a></td><td rowspan="1">1730530431026</td><td rowspan="1">10871</td></tr></tbody>
<tbody id="t1"><tr><th colspan="4">Run on Chrome &#8212; failed (configuration methods)</th></tr><tr class="failedeven"><td rowspan="1">com.nopcommerce.account.Level_16_Log</td><td><a href="#m1">beforeClass</a></td><td rowspan="1">1730530444231</td><td rowspan="1">0</td></tr><tr><th colspan="4">Run on Chrome &#8212; skipped (configuration methods)</th></tr><tr class="skippedeven"><td rowspan="1">com.nopcommerce.account.Level_16_Log</td><td><a href="#m2">afterClass</a></td><td rowspan="1">1730530444234</td><td rowspan="1">0</td></tr><tr><th colspan="4">Run on Chrome &#8212; skipped</th></tr><tr class="skippedeven"><td rowspan="1">com.nopcommerce.account.Level_16_Log</td><td><a href="#m3">User_01_Register_Success</a></td><td rowspan="1">1730530444234</td><td rowspan="1">0</td></tr></tbody>
<tbody id="t2"><tr><th colspan="4">Run on Edge &#8212; failed (configuration methods)</th></tr><tr class="failedeven"><td rowspan="1">com.nopcommerce.account.Level_16_Log</td><td><a href="#m4">beforeClass</a></td><td rowspan="1">1730530444240</td><td rowspan="1">0</td></tr><tr><th colspan="4">Run on Edge &#8212; skipped (configuration methods)</th></tr><tr class="skippedeven"><td rowspan="1">com.nopcommerce.account.Level_16_Log</td><td><a href="#m5">afterClass</a></td><td rowspan="1">1730530444242</td><td rowspan="1">0</td></tr><tr><th colspan="4">Run on Edge &#8212; skipped</th></tr><tr class="skippedeven"><td rowspan="1">com.nopcommerce.account.Level_16_Log</td><td><a href="#m6">User_01_Register_Success</a></td><td rowspan="1">1730530444241</td><td rowspan="1">0</td></tr></tbody>
</table>
<h2>Run on Firefox</h2><h3 id="m0">com.nopcommerce.account.Level_16_Log#User_01_Register_Success</h3><table class="result"><tr><th>Messages</th></tr><tr><td><div class="messages">Register - Step 01: Verify Register link is displayed<br><br/>------------------------PASSED--------------------<br><br/>------------------------FAILED--------------------<br><br/>Register - Step 02: Click to Register link<br><br/>Register - Step 03: Click to Register button<br><br/>Register - Step 04: Verify error message at FirstName textbox is 'First name is required.'<br><br/>------------------------PASSED--------------------<br><br/>Register - Step 05: Verify error message at LastName textbox is 'Last name is required'<br><br/>------------------------PASSED--------------------<br><br/>------------------------FAILED--------------------<br><br/>Register - Step 06: Enter to First Name textbox with value is John<br><br/>Register - Step 07: Enter to Last Name textbox with value is Kennedy<br><br/>Register - Step 08: Enter to Email Address textbox with value is john95699@kennedy.us<br><br/>Register - Step 09: Enter to Password textbox with value is 123456<br><br/>Register - Step 10: Enter to Confirm Password textbox with value is 123456<br><br/>Register - Step 11: Click to Register button<br><br/>Register - Step 12: Verify success message is displayed<br><br/>------------------------PASSED--------------------<br><br/>------------------------FAILED--------------------<br></div></td></tr><tr><th>Exception</th></tr><tr><td><div class="stacktrace">java.lang.Throwable: Multiple failures (3):
Failure 1 of 3
java.lang.AssertionError: expected [false] but found [true]
	at commons.BaseTest.verifyFalse(BaseTest.java:99)
	at com.nopcommerce.account.Level_16_Log.User_01_Register_Success(Level_16_Log.java:36)
	at com.intellij.rt.testng.IDEARemoteTestNG.run(IDEARemoteTestNG.java:65)
	at com.intellij.rt.testng.RemoteTestNGStarter.main(RemoteTestNGStarter.java:105)

Failure 2 of 3
java.lang.AssertionError: expected [Last name is required] but found [Last name is required.]
	at commons.BaseTest.verifyEquals(BaseTest.java:113)
	at com.nopcommerce.account.Level_16_Log.User_01_Register_Success(Level_16_Log.java:48)
	at com.intellij.rt.testng.IDEARemoteTestNG.run(IDEARemoteTestNG.java:65)
	at com.intellij.rt.testng.RemoteTestNGStarter.main(RemoteTestNGStarter.java:105)

Failure 3 of 3
java.lang.AssertionError: expected [Your registration completed.] but found [Your registration completed]
	at commons.BaseTest.verifyEquals(BaseTest.java:113)
	at com.nopcommerce.account.Level_16_Log.User_01_Register_Success(Level_16_Log.java:69)
	at com.intellij.rt.testng.IDEARemoteTestNG.run(IDEARemoteTestNG.java:65)
	at com.intellij.rt.testng.RemoteTestNGStarter.main(RemoteTestNGStarter.java:105)
... Removed 80 stack frames</div></td></tr></table><p class="totop"><a href="#summary">back to summary</a></p>
<h2>Run on Chrome</h2><h3 id="m1">com.nopcommerce.account.Level_16_Log#beforeClass</h3><table class="result"><tr><th>Exception</th></tr><tr><td><div class="stacktrace">org.testng.TestNGException: 
Parameter &apos;userUrl&apos; is required by BeforeClass on method beforeClass but has not been marked @Optional or defined
in E:\Automation Testing\03-Java Hybrid Framework\hybrid-framework-nopcommerce\resources\RunNopCommerce.xml
	at com.intellij.rt.testng.IDEARemoteTestNG.run(IDEARemoteTestNG.java:65)
	at com.intellij.rt.testng.RemoteTestNGStarter.main(RemoteTestNGStarter.java:105)
... Removed 20 stack frames</div></td></tr></table><p class="totop"><a href="#summary">back to summary</a></p>
<h3 id="m2">com.nopcommerce.account.Level_16_Log#afterClass</h3><table class="result"><tr><th class="invisible"/></tr></table><p class="totop"><a href="#summary">back to summary</a></p>
<h3 id="m3">com.nopcommerce.account.Level_16_Log#User_01_Register_Success</h3><table class="result"><tr><th>Exception</th></tr><tr><td><div class="stacktrace">org.testng.TestNGException: 
Parameter &apos;userUrl&apos; is required by BeforeClass on method beforeClass but has not been marked @Optional or defined
in E:\Automation Testing\03-Java Hybrid Framework\hybrid-framework-nopcommerce\resources\RunNopCommerce.xml
	at com.intellij.rt.testng.IDEARemoteTestNG.run(IDEARemoteTestNG.java:65)
	at com.intellij.rt.testng.RemoteTestNGStarter.main(RemoteTestNGStarter.java:105)
... Removed 20 stack frames</div></td></tr></table><p class="totop"><a href="#summary">back to summary</a></p>
<h2>Run on Edge</h2><h3 id="m4">com.nopcommerce.account.Level_16_Log#beforeClass</h3><table class="result"><tr><th>Exception</th></tr><tr><td><div class="stacktrace">org.testng.TestNGException: 
Parameter &apos;userUrl&apos; is required by BeforeClass on method beforeClass but has not been marked @Optional or defined
in E:\Automation Testing\03-Java Hybrid Framework\hybrid-framework-nopcommerce\resources\RunNopCommerce.xml
	at com.intellij.rt.testng.IDEARemoteTestNG.run(IDEARemoteTestNG.java:65)
	at com.intellij.rt.testng.RemoteTestNGStarter.main(RemoteTestNGStarter.java:105)
... Removed 20 stack frames</div></td></tr></table><p class="totop"><a href="#summary">back to summary</a></p>
<h3 id="m5">com.nopcommerce.account.Level_16_Log#afterClass</h3><table class="result"><tr><th class="invisible"/></tr></table><p class="totop"><a href="#summary">back to summary</a></p>
<h3 id="m6">com.nopcommerce.account.Level_16_Log#User_01_Register_Success</h3><table class="result"><tr><th>Exception</th></tr><tr><td><div class="stacktrace">org.testng.TestNGException: 
Parameter &apos;userUrl&apos; is required by BeforeClass on method beforeClass but has not been marked @Optional or defined
in E:\Automation Testing\03-Java Hybrid Framework\hybrid-framework-nopcommerce\resources\RunNopCommerce.xml
	at com.intellij.rt.testng.IDEARemoteTestNG.run(IDEARemoteTestNG.java:65)
	at com.intellij.rt.testng.RemoteTestNGStarter.main(RemoteTestNGStarter.java:105)
... Removed 20 stack frames</div></td></tr></table><p class="totop"><a href="#summary">back to summary</a></p>
</body>
</html>
